[2024-01-17 16:36:52] production.ERROR: Please provide a valid cache path. {"exception":"[object] (InvalidArgumentException(code: 0): Please provide a valid cache path. at M:\\QwikTest v1.4.1\\vendor\\laravel\\framework\\src\\Illuminate\\View\\Compilers\\Compiler.php:36)
[stacktrace]
#0 M:\\QwikTest v1.4.1\\vendor\\laravel\\framework\\src\\Illuminate\\View\\ViewServiceProvider.php(88): Illuminate\\View\\Compilers\\Compiler->__construct()
#1 M:\\QwikTest v1.4.1\\vendor\\laravel\\framework\\src\\Illuminate\\Container\\Container.php(829): Illuminate\\View\\ViewServiceProvider->Illuminate\\View\\{closure}()
#2 M:\\QwikTest v1.4.1\\vendor\\laravel\\framework\\src\\Illuminate\\Container\\Container.php(714): Illuminate\\Container\\Container->build()
#3 M:\\QwikTest v1.4.1\\vendor\\laravel\\framework\\src\\Illuminate\\Foundation\\Application.php(841): Illuminate\\Container\\Container->resolve()
#4 M:\\QwikTest v1.4.1\\vendor\\laravel\\framework\\src\\Illuminate\\Container\\Container.php(652): Illuminate\\Foundation\\Application->resolve()
#5 M:\\QwikTest v1.4.1\\vendor\\laravel\\framework\\src\\Illuminate\\Foundation\\Application.php(826): Illuminate\\Container\\Container->make()
#6 M:\\QwikTest v1.4.1\\vendor\\laravel\\framework\\src\\Illuminate\\Container\\Container.php(1365): Illuminate\\Foundation\\Application->make()
#7 M:\\QwikTest v1.4.1\\vendor\\laravel\\framework\\src\\Illuminate\\Support\\Facades\\Facade.php(198): Illuminate\\Container\\Container->offsetGet()
#8 M:\\QwikTest v1.4.1\\vendor\\laravel\\framework\\src\\Illuminate\\Support\\Facades\\Facade.php(166): Illuminate\\Support\\Facades\\Facade::resolveFacadeInstance()
#9 M:\\QwikTest v1.4.1\\vendor\\laravel\\framework\\src\\Illuminate\\Support\\Facades\\Facade.php(255): Illuminate\\Support\\Facades\\Facade::getFacadeRoot()
#10 M:\\QwikTest v1.4.1\\vendor\\spatie\\laravel-ray\\src\\RayServiceProvider.php(232): Illuminate\\Support\\Facades\\Facade::__callStatic()
#11 M:\\QwikTest v1.4.1\\vendor\\spatie\\laravel-ray\\src\\RayServiceProvider.php(49): Spatie\\LaravelRay\\RayServiceProvider->registerBladeDirectives()
#12 M:\\QwikTest v1.4.1\\vendor\\laravel\\framework\\src\\Illuminate\\Foundation\\Application.php(672): Spatie\\LaravelRay\\RayServiceProvider->register()
#13 M:\\QwikTest v1.4.1\\vendor\\laravel\\framework\\src\\Illuminate\\Foundation\\ProviderRepository.php(75): Illuminate\\Foundation\\Application->register()
#14 M:\\QwikTest v1.4.1\\vendor\\laravel\\framework\\src\\Illuminate\\Foundation\\Application.php(649): Illuminate\\Foundation\\ProviderRepository->load()
#15 M:\\QwikTest v1.4.1\\vendor\\laravel\\framework\\src\\Illuminate\\Foundation\\Bootstrap\\RegisterProviders.php(17): Illuminate\\Foundation\\Application->registerConfiguredProviders()
#16 M:\\QwikTest v1.4.1\\vendor\\laravel\\framework\\src\\Illuminate\\Foundation\\Application.php(237): Illuminate\\Foundation\\Bootstrap\\RegisterProviders->bootstrap()
#17 M:\\QwikTest v1.4.1\\vendor\\laravel\\framework\\src\\Illuminate\\Foundation\\Console\\Kernel.php(310): Illuminate\\Foundation\\Application->bootstrapWith()
#18 M:\\QwikTest v1.4.1\\vendor\\laravel\\framework\\src\\Illuminate\\Foundation\\Console\\Kernel.php(127): Illuminate\\Foundation\\Console\\Kernel->bootstrap()
#19 M:\\QwikTest v1.4.1\\artisan(37): Illuminate\\Foundation\\Console\\Kernel->handle()
#20 {main}
"} 
[2024-01-17 16:37:43] production.ERROR: Please provide a valid cache path. {"exception":"[object] (InvalidArgumentException(code: 0): Please provide a valid cache path. at M:\\QwikTest v1.4.1\\vendor\\laravel\\framework\\src\\Illuminate\\View\\Compilers\\Compiler.php:36)
[stacktrace]
#0 M:\\QwikTest v1.4.1\\vendor\\laravel\\framework\\src\\Illuminate\\View\\ViewServiceProvider.php(88): Illuminate\\View\\Compilers\\Compiler->__construct()
#1 M:\\QwikTest v1.4.1\\vendor\\laravel\\framework\\src\\Illuminate\\Container\\Container.php(829): Illuminate\\View\\ViewServiceProvider->Illuminate\\View\\{closure}()
#2 M:\\QwikTest v1.4.1\\vendor\\laravel\\framework\\src\\Illuminate\\Container\\Container.php(714): Illuminate\\Container\\Container->build()
#3 M:\\QwikTest v1.4.1\\vendor\\laravel\\framework\\src\\Illuminate\\Foundation\\Application.php(841): Illuminate\\Container\\Container->resolve()
#4 M:\\QwikTest v1.4.1\\vendor\\laravel\\framework\\src\\Illuminate\\Container\\Container.php(652): Illuminate\\Foundation\\Application->resolve()
#5 M:\\QwikTest v1.4.1\\vendor\\laravel\\framework\\src\\Illuminate\\Foundation\\Application.php(826): Illuminate\\Container\\Container->make()
#6 M:\\QwikTest v1.4.1\\vendor\\laravel\\framework\\src\\Illuminate\\Container\\Container.php(1365): Illuminate\\Foundation\\Application->make()
#7 M:\\QwikTest v1.4.1\\vendor\\laravel\\framework\\src\\Illuminate\\Support\\Facades\\Facade.php(198): Illuminate\\Container\\Container->offsetGet()
#8 M:\\QwikTest v1.4.1\\vendor\\laravel\\framework\\src\\Illuminate\\Support\\Facades\\Facade.php(166): Illuminate\\Support\\Facades\\Facade::resolveFacadeInstance()
#9 M:\\QwikTest v1.4.1\\vendor\\laravel\\framework\\src\\Illuminate\\Support\\Facades\\Facade.php(255): Illuminate\\Support\\Facades\\Facade::getFacadeRoot()
#10 M:\\QwikTest v1.4.1\\vendor\\spatie\\laravel-ray\\src\\RayServiceProvider.php(232): Illuminate\\Support\\Facades\\Facade::__callStatic()
#11 M:\\QwikTest v1.4.1\\vendor\\spatie\\laravel-ray\\src\\RayServiceProvider.php(49): Spatie\\LaravelRay\\RayServiceProvider->registerBladeDirectives()
#12 M:\\QwikTest v1.4.1\\vendor\\laravel\\framework\\src\\Illuminate\\Foundation\\Application.php(672): Spatie\\LaravelRay\\RayServiceProvider->register()
#13 M:\\QwikTest v1.4.1\\vendor\\laravel\\framework\\src\\Illuminate\\Foundation\\ProviderRepository.php(75): Illuminate\\Foundation\\Application->register()
#14 M:\\QwikTest v1.4.1\\vendor\\laravel\\framework\\src\\Illuminate\\Foundation\\Application.php(649): Illuminate\\Foundation\\ProviderRepository->load()
#15 M:\\QwikTest v1.4.1\\vendor\\laravel\\framework\\src\\Illuminate\\Foundation\\Bootstrap\\RegisterProviders.php(17): Illuminate\\Foundation\\Application->registerConfiguredProviders()
#16 M:\\QwikTest v1.4.1\\vendor\\laravel\\framework\\src\\Illuminate\\Foundation\\Application.php(237): Illuminate\\Foundation\\Bootstrap\\RegisterProviders->bootstrap()
#17 M:\\QwikTest v1.4.1\\vendor\\laravel\\framework\\src\\Illuminate\\Foundation\\Console\\Kernel.php(310): Illuminate\\Foundation\\Application->bootstrapWith()
#18 M:\\QwikTest v1.4.1\\vendor\\laravel\\framework\\src\\Illuminate\\Foundation\\Console\\Kernel.php(127): Illuminate\\Foundation\\Console\\Kernel->bootstrap()
#19 M:\\QwikTest v1.4.1\\artisan(37): Illuminate\\Foundation\\Console\\Kernel->handle()
#20 {main}
"} 
[2024-01-17 16:38:42] production.ERROR: Please provide a valid cache path. {"exception":"[object] (InvalidArgumentException(code: 0): Please provide a valid cache path. at M:\\QwikTest v1.4.1\\vendor\\laravel\\framework\\src\\Illuminate\\View\\Compilers\\Compiler.php:36)
[stacktrace]
#0 M:\\QwikTest v1.4.1\\vendor\\laravel\\framework\\src\\Illuminate\\View\\ViewServiceProvider.php(88): Illuminate\\View\\Compilers\\Compiler->__construct()
#1 M:\\QwikTest v1.4.1\\vendor\\laravel\\framework\\src\\Illuminate\\Container\\Container.php(829): Illuminate\\View\\ViewServiceProvider->Illuminate\\View\\{closure}()
#2 M:\\QwikTest v1.4.1\\vendor\\laravel\\framework\\src\\Illuminate\\Container\\Container.php(714): Illuminate\\Container\\Container->build()
#3 M:\\QwikTest v1.4.1\\vendor\\laravel\\framework\\src\\Illuminate\\Foundation\\Application.php(841): Illuminate\\Container\\Container->resolve()
#4 M:\\QwikTest v1.4.1\\vendor\\laravel\\framework\\src\\Illuminate\\Container\\Container.php(652): Illuminate\\Foundation\\Application->resolve()
#5 M:\\QwikTest v1.4.1\\vendor\\laravel\\framework\\src\\Illuminate\\Foundation\\Application.php(826): Illuminate\\Container\\Container->make()
#6 M:\\QwikTest v1.4.1\\vendor\\laravel\\framework\\src\\Illuminate\\Container\\Container.php(1365): Illuminate\\Foundation\\Application->make()
#7 M:\\QwikTest v1.4.1\\vendor\\laravel\\framework\\src\\Illuminate\\Support\\Facades\\Facade.php(198): Illuminate\\Container\\Container->offsetGet()
#8 M:\\QwikTest v1.4.1\\vendor\\laravel\\framework\\src\\Illuminate\\Support\\Facades\\Facade.php(166): Illuminate\\Support\\Facades\\Facade::resolveFacadeInstance()
#9 M:\\QwikTest v1.4.1\\vendor\\laravel\\framework\\src\\Illuminate\\Support\\Facades\\Facade.php(255): Illuminate\\Support\\Facades\\Facade::getFacadeRoot()
#10 M:\\QwikTest v1.4.1\\vendor\\spatie\\laravel-ray\\src\\RayServiceProvider.php(232): Illuminate\\Support\\Facades\\Facade::__callStatic()
#11 M:\\QwikTest v1.4.1\\vendor\\spatie\\laravel-ray\\src\\RayServiceProvider.php(49): Spatie\\LaravelRay\\RayServiceProvider->registerBladeDirectives()
#12 M:\\QwikTest v1.4.1\\vendor\\laravel\\framework\\src\\Illuminate\\Foundation\\Application.php(672): Spatie\\LaravelRay\\RayServiceProvider->register()
#13 M:\\QwikTest v1.4.1\\vendor\\laravel\\framework\\src\\Illuminate\\Foundation\\ProviderRepository.php(75): Illuminate\\Foundation\\Application->register()
#14 M:\\QwikTest v1.4.1\\vendor\\laravel\\framework\\src\\Illuminate\\Foundation\\Application.php(649): Illuminate\\Foundation\\ProviderRepository->load()
#15 M:\\QwikTest v1.4.1\\vendor\\laravel\\framework\\src\\Illuminate\\Foundation\\Bootstrap\\RegisterProviders.php(17): Illuminate\\Foundation\\Application->registerConfiguredProviders()
#16 M:\\QwikTest v1.4.1\\vendor\\laravel\\framework\\src\\Illuminate\\Foundation\\Application.php(237): Illuminate\\Foundation\\Bootstrap\\RegisterProviders->bootstrap()
#17 M:\\QwikTest v1.4.1\\vendor\\laravel\\framework\\src\\Illuminate\\Foundation\\Console\\Kernel.php(310): Illuminate\\Foundation\\Application->bootstrapWith()
#18 M:\\QwikTest v1.4.1\\vendor\\laravel\\framework\\src\\Illuminate\\Foundation\\Console\\Kernel.php(127): Illuminate\\Foundation\\Console\\Kernel->bootstrap()
#19 M:\\QwikTest v1.4.1\\artisan(37): Illuminate\\Foundation\\Console\\Kernel->handle()
#20 {main}
"} 
[2024-01-17 16:41:18] local.ERROR: could not find driver (SQL: select * from information_schema.tables where table_schema = qwiktest and table_name = migrations and table_type = 'BASE TABLE') {"exception":"[object] (Illuminate\\Database\\QueryException(code: 0): could not find driver (SQL: select * from information_schema.tables where table_schema = qwiktest and table_name = migrations and table_type = 'BASE TABLE') at M:\\QwikTest v1.4.1\\vendor\\laravel\\framework\\src\\Illuminate\\Database\\Connection.php:678)
[stacktrace]
#0 M:\\QwikTest v1.4.1\\vendor\\laravel\\framework\\src\\Illuminate\\Database\\Connection.php(638): Illuminate\\Database\\Connection->runQueryCallback()
#1 M:\\QwikTest v1.4.1\\vendor\\laravel\\framework\\src\\Illuminate\\Database\\Connection.php(346): Illuminate\\Database\\Connection->run()
#2 M:\\QwikTest v1.4.1\\vendor\\laravel\\framework\\src\\Illuminate\\Database\\Schema\\MySqlBuilder.php(44): Illuminate\\Database\\Connection->select()
#3 M:\\QwikTest v1.4.1\\vendor\\laravel\\framework\\src\\Illuminate\\Database\\Migrations\\DatabaseMigrationRepository.php(169): Illuminate\\Database\\Schema\\MySqlBuilder->hasTable()
#4 M:\\QwikTest v1.4.1\\vendor\\laravel\\framework\\src\\Illuminate\\Database\\Migrations\\Migrator.php(645): Illuminate\\Database\\Migrations\\DatabaseMigrationRepository->repositoryExists()
#5 M:\\QwikTest v1.4.1\\vendor\\laravel\\framework\\src\\Illuminate\\Database\\Console\\Migrations\\MigrateCommand.php(106): Illuminate\\Database\\Migrations\\Migrator->repositoryExists()
#6 M:\\QwikTest v1.4.1\\vendor\\laravel\\framework\\src\\Illuminate\\Database\\Console\\Migrations\\MigrateCommand.php(77): Illuminate\\Database\\Console\\Migrations\\MigrateCommand->prepareDatabase()
#7 M:\\QwikTest v1.4.1\\vendor\\laravel\\framework\\src\\Illuminate\\Database\\Migrations\\Migrator.php(578): Illuminate\\Database\\Console\\Migrations\\MigrateCommand->Illuminate\\Database\\Console\\Migrations\\{closure}()
#8 M:\\QwikTest v1.4.1\\vendor\\laravel\\framework\\src\\Illuminate\\Database\\Console\\Migrations\\MigrateCommand.php(94): Illuminate\\Database\\Migrations\\Migrator->usingConnection()
#9 M:\\QwikTest v1.4.1\\vendor\\laravel\\framework\\src\\Illuminate\\Container\\BoundMethod.php(36): Illuminate\\Database\\Console\\Migrations\\MigrateCommand->handle()
#10 M:\\QwikTest v1.4.1\\vendor\\laravel\\framework\\src\\Illuminate\\Container\\Util.php(40): Illuminate\\Container\\BoundMethod::Illuminate\\Container\\{closure}()
#11 M:\\QwikTest v1.4.1\\vendor\\laravel\\framework\\src\\Illuminate\\Container\\BoundMethod.php(93): Illuminate\\Container\\Util::unwrapIfClosure()
#12 M:\\QwikTest v1.4.1\\vendor\\laravel\\framework\\src\\Illuminate\\Container\\BoundMethod.php(37): Illuminate\\Container\\BoundMethod::callBoundMethod()
#13 M:\\QwikTest v1.4.1\\vendor\\laravel\\framework\\src\\Illuminate\\Container\\Container.php(611): Illuminate\\Container\\BoundMethod::call()
#14 M:\\QwikTest v1.4.1\\vendor\\laravel\\framework\\src\\Illuminate\\Console\\Command.php(136): Illuminate\\Container\\Container->call()
#15 M:\\QwikTest v1.4.1\\vendor\\symfony\\console\\Command\\Command.php(256): Illuminate\\Console\\Command->execute()
#16 M:\\QwikTest v1.4.1\\vendor\\laravel\\framework\\src\\Illuminate\\Console\\Command.php(121): Symfony\\Component\\Console\\Command\\Command->run()
#17 M:\\QwikTest v1.4.1\\vendor\\symfony\\console\\Application.php(971): Illuminate\\Console\\Command->run()
#18 M:\\QwikTest v1.4.1\\vendor\\symfony\\console\\Application.php(290): Symfony\\Component\\Console\\Application->doRunCommand()
#19 M:\\QwikTest v1.4.1\\vendor\\symfony\\console\\Application.php(166): Symfony\\Component\\Console\\Application->doRun()
#20 M:\\QwikTest v1.4.1\\vendor\\laravel\\framework\\src\\Illuminate\\Console\\Application.php(92): Symfony\\Component\\Console\\Application->run()
#21 M:\\QwikTest v1.4.1\\vendor\\laravel\\framework\\src\\Illuminate\\Foundation\\Console\\Kernel.php(129): Illuminate\\Console\\Application->run()
#22 M:\\QwikTest v1.4.1\\artisan(37): Illuminate\\Foundation\\Console\\Kernel->handle()
#23 {main}

[previous exception] [object] (PDOException(code: 0): could not find driver at M:\\QwikTest v1.4.1\\vendor\\laravel\\framework\\src\\Illuminate\\Database\\Connectors\\Connector.php:70)
[stacktrace]
#0 M:\\QwikTest v1.4.1\\vendor\\laravel\\framework\\src\\Illuminate\\Database\\Connectors\\Connector.php(70): PDO->__construct()
#1 M:\\QwikTest v1.4.1\\vendor\\laravel\\framework\\src\\Illuminate\\Database\\Connectors\\Connector.php(46): Illuminate\\Database\\Connectors\\Connector->createPdoConnection()
#2 M:\\QwikTest v1.4.1\\vendor\\laravel\\framework\\src\\Illuminate\\Database\\Connectors\\MySqlConnector.php(24): Illuminate\\Database\\Connectors\\Connector->createConnection()
#3 M:\\QwikTest v1.4.1\\vendor\\laravel\\framework\\src\\Illuminate\\Database\\Connectors\\ConnectionFactory.php(184): Illuminate\\Database\\Connectors\\MySqlConnector->connect()
#4 [internal function]: Illuminate\\Database\\Connectors\\ConnectionFactory->Illuminate\\Database\\Connectors\\{closure}()
#5 M:\\QwikTest v1.4.1\\vendor\\laravel\\framework\\src\\Illuminate\\Database\\Connection.php(949): call_user_func()
#6 M:\\QwikTest v1.4.1\\vendor\\laravel\\framework\\src\\Illuminate\\Database\\Connection.php(984): Illuminate\\Database\\Connection->getPdo()
#7 M:\\QwikTest v1.4.1\\vendor\\laravel\\framework\\src\\Illuminate\\Database\\Connection.php(412): Illuminate\\Database\\Connection->getReadPdo()
#8 M:\\QwikTest v1.4.1\\vendor\\laravel\\framework\\src\\Illuminate\\Database\\Connection.php(338): Illuminate\\Database\\Connection->getPdoForSelect()
#9 M:\\QwikTest v1.4.1\\vendor\\laravel\\framework\\src\\Illuminate\\Database\\Connection.php(671): Illuminate\\Database\\Connection->Illuminate\\Database\\{closure}()
#10 M:\\QwikTest v1.4.1\\vendor\\laravel\\framework\\src\\Illuminate\\Database\\Connection.php(638): Illuminate\\Database\\Connection->runQueryCallback()
#11 M:\\QwikTest v1.4.1\\vendor\\laravel\\framework\\src\\Illuminate\\Database\\Connection.php(346): Illuminate\\Database\\Connection->run()
#12 M:\\QwikTest v1.4.1\\vendor\\laravel\\framework\\src\\Illuminate\\Database\\Schema\\MySqlBuilder.php(44): Illuminate\\Database\\Connection->select()
#13 M:\\QwikTest v1.4.1\\vendor\\laravel\\framework\\src\\Illuminate\\Database\\Migrations\\DatabaseMigrationRepository.php(169): Illuminate\\Database\\Schema\\MySqlBuilder->hasTable()
#14 M:\\QwikTest v1.4.1\\vendor\\laravel\\framework\\src\\Illuminate\\Database\\Migrations\\Migrator.php(645): Illuminate\\Database\\Migrations\\DatabaseMigrationRepository->repositoryExists()
#15 M:\\QwikTest v1.4.1\\vendor\\laravel\\framework\\src\\Illuminate\\Database\\Console\\Migrations\\MigrateCommand.php(106): Illuminate\\Database\\Migrations\\Migrator->repositoryExists()
#16 M:\\QwikTest v1.4.1\\vendor\\laravel\\framework\\src\\Illuminate\\Database\\Console\\Migrations\\MigrateCommand.php(77): Illuminate\\Database\\Console\\Migrations\\MigrateCommand->prepareDatabase()
#17 M:\\QwikTest v1.4.1\\vendor\\laravel\\framework\\src\\Illuminate\\Database\\Migrations\\Migrator.php(578): Illuminate\\Database\\Console\\Migrations\\MigrateCommand->Illuminate\\Database\\Console\\Migrations\\{closure}()
#18 M:\\QwikTest v1.4.1\\vendor\\laravel\\framework\\src\\Illuminate\\Database\\Console\\Migrations\\MigrateCommand.php(94): Illuminate\\Database\\Migrations\\Migrator->usingConnection()
#19 M:\\QwikTest v1.4.1\\vendor\\laravel\\framework\\src\\Illuminate\\Container\\BoundMethod.php(36): Illuminate\\Database\\Console\\Migrations\\MigrateCommand->handle()
#20 M:\\QwikTest v1.4.1\\vendor\\laravel\\framework\\src\\Illuminate\\Container\\Util.php(40): Illuminate\\Container\\BoundMethod::Illuminate\\Container\\{closure}()
#21 M:\\QwikTest v1.4.1\\vendor\\laravel\\framework\\src\\Illuminate\\Container\\BoundMethod.php(93): Illuminate\\Container\\Util::unwrapIfClosure()
#22 M:\\QwikTest v1.4.1\\vendor\\laravel\\framework\\src\\Illuminate\\Container\\BoundMethod.php(37): Illuminate\\Container\\BoundMethod::callBoundMethod()
#23 M:\\QwikTest v1.4.1\\vendor\\laravel\\framework\\src\\Illuminate\\Container\\Container.php(611): Illuminate\\Container\\BoundMethod::call()
#24 M:\\QwikTest v1.4.1\\vendor\\laravel\\framework\\src\\Illuminate\\Console\\Command.php(136): Illuminate\\Container\\Container->call()
#25 M:\\QwikTest v1.4.1\\vendor\\symfony\\console\\Command\\Command.php(256): Illuminate\\Console\\Command->execute()
#26 M:\\QwikTest v1.4.1\\vendor\\laravel\\framework\\src\\Illuminate\\Console\\Command.php(121): Symfony\\Component\\Console\\Command\\Command->run()
#27 M:\\QwikTest v1.4.1\\vendor\\symfony\\console\\Application.php(971): Illuminate\\Console\\Command->run()
#28 M:\\QwikTest v1.4.1\\vendor\\symfony\\console\\Application.php(290): Symfony\\Component\\Console\\Application->doRunCommand()
#29 M:\\QwikTest v1.4.1\\vendor\\symfony\\console\\Application.php(166): Symfony\\Component\\Console\\Application->doRun()
#30 M:\\QwikTest v1.4.1\\vendor\\laravel\\framework\\src\\Illuminate\\Console\\Application.php(92): Symfony\\Component\\Console\\Application->run()
#31 M:\\QwikTest v1.4.1\\vendor\\laravel\\framework\\src\\Illuminate\\Foundation\\Console\\Kernel.php(129): Illuminate\\Console\\Application->run()
#32 M:\\QwikTest v1.4.1\\artisan(37): Illuminate\\Foundation\\Console\\Kernel->handle()
#33 {main}
"} 
[2024-01-17 16:42:37] local.ERROR: No application encryption key has been specified. {"exception":"[object] (Illuminate\\Encryption\\MissingAppKeyException(code: 0): No application encryption key has been specified. at M:\\QwikTest v1.4.1\\vendor\\laravel\\framework\\src\\Illuminate\\Encryption\\EncryptionServiceProvider.php:79)
[stacktrace]
#0 M:\\QwikTest v1.4.1\\vendor\\laravel\\framework\\src\\Illuminate\\Support\\helpers.php(263): Illuminate\\Encryption\\EncryptionServiceProvider->Illuminate\\Encryption\\{closure}()
#1 M:\\QwikTest v1.4.1\\vendor\\laravel\\framework\\src\\Illuminate\\Encryption\\EncryptionServiceProvider.php(81): tap()
#2 M:\\QwikTest v1.4.1\\vendor\\laravel\\framework\\src\\Illuminate\\Encryption\\EncryptionServiceProvider.php(60): Illuminate\\Encryption\\EncryptionServiceProvider->key()
#3 M:\\QwikTest v1.4.1\\vendor\\laravel\\framework\\src\\Illuminate\\Encryption\\EncryptionServiceProvider.php(32): Illuminate\\Encryption\\EncryptionServiceProvider->parseKey()
#4 M:\\QwikTest v1.4.1\\vendor\\laravel\\framework\\src\\Illuminate\\Container\\Container.php(829): Illuminate\\Encryption\\EncryptionServiceProvider->Illuminate\\Encryption\\{closure}()
#5 M:\\QwikTest v1.4.1\\vendor\\laravel\\framework\\src\\Illuminate\\Container\\Container.php(714): Illuminate\\Container\\Container->build()
#6 M:\\QwikTest v1.4.1\\vendor\\laravel\\framework\\src\\Illuminate\\Foundation\\Application.php(841): Illuminate\\Container\\Container->resolve()
#7 M:\\QwikTest v1.4.1\\vendor\\laravel\\framework\\src\\Illuminate\\Container\\Container.php(652): Illuminate\\Foundation\\Application->resolve()
#8 M:\\QwikTest v1.4.1\\vendor\\laravel\\framework\\src\\Illuminate\\Foundation\\Application.php(826): Illuminate\\Container\\Container->make()
#9 M:\\QwikTest v1.4.1\\vendor\\laravel\\framework\\src\\Illuminate\\Container\\Container.php(987): Illuminate\\Foundation\\Application->make()
#10 M:\\QwikTest v1.4.1\\vendor\\laravel\\framework\\src\\Illuminate\\Container\\Container.php(907): Illuminate\\Container\\Container->resolveClass()
#11 M:\\QwikTest v1.4.1\\vendor\\laravel\\framework\\src\\Illuminate\\Container\\Container.php(868): Illuminate\\Container\\Container->resolveDependencies()
#12 M:\\QwikTest v1.4.1\\vendor\\laravel\\framework\\src\\Illuminate\\Container\\Container.php(714): Illuminate\\Container\\Container->build()
#13 M:\\QwikTest v1.4.1\\vendor\\laravel\\framework\\src\\Illuminate\\Foundation\\Application.php(841): Illuminate\\Container\\Container->resolve()
#14 M:\\QwikTest v1.4.1\\vendor\\laravel\\framework\\src\\Illuminate\\Container\\Container.php(652): Illuminate\\Foundation\\Application->resolve()
#15 M:\\QwikTest v1.4.1\\vendor\\laravel\\framework\\src\\Illuminate\\Foundation\\Application.php(826): Illuminate\\Container\\Container->make()
#16 M:\\QwikTest v1.4.1\\vendor\\laravel\\framework\\src\\Illuminate\\Pipeline\\Pipeline.php(156): Illuminate\\Foundation\\Application->make()
#17 M:\\QwikTest v1.4.1\\vendor\\laravel\\framework\\src\\Illuminate\\Pipeline\\Pipeline.php(103): Illuminate\\Pipeline\\Pipeline->Illuminate\\Pipeline\\{closure}()
#18 M:\\QwikTest v1.4.1\\vendor\\laravel\\framework\\src\\Illuminate\\Routing\\Router.php(697): Illuminate\\Pipeline\\Pipeline->then()
#19 M:\\QwikTest v1.4.1\\vendor\\laravel\\framework\\src\\Illuminate\\Routing\\Router.php(672): Illuminate\\Routing\\Router->runRouteWithinStack()
#20 M:\\QwikTest v1.4.1\\vendor\\laravel\\framework\\src\\Illuminate\\Routing\\Router.php(636): Illuminate\\Routing\\Router->runRoute()
#21 M:\\QwikTest v1.4.1\\vendor\\laravel\\framework\\src\\Illuminate\\Routing\\Router.php(625): Illuminate\\Routing\\Router->dispatchToRoute()
#22 M:\\QwikTest v1.4.1\\vendor\\laravel\\framework\\src\\Illuminate\\Foundation\\Http\\Kernel.php(166): Illuminate\\Routing\\Router->dispatch()
#23 M:\\QwikTest v1.4.1\\vendor\\laravel\\framework\\src\\Illuminate\\Pipeline\\Pipeline.php(128): Illuminate\\Foundation\\Http\\Kernel->Illuminate\\Foundation\\Http\\{closure}()
#24 M:\\QwikTest v1.4.1\\vendor\\barryvdh\\laravel-debugbar\\src\\Middleware\\InjectDebugbar.php(67): Illuminate\\Pipeline\\Pipeline->Illuminate\\Pipeline\\{closure}()
#25 M:\\QwikTest v1.4.1\\vendor\\laravel\\framework\\src\\Illuminate\\Pipeline\\Pipeline.php(167): Barryvdh\\Debugbar\\Middleware\\InjectDebugbar->handle()
#26 M:\\QwikTest v1.4.1\\vendor\\laravel\\framework\\src\\Illuminate\\Foundation\\Http\\Middleware\\TransformsRequest.php(21): Illuminate\\Pipeline\\Pipeline->Illuminate\\Pipeline\\{closure}()
#27 M:\\QwikTest v1.4.1\\vendor\\laravel\\framework\\src\\Illuminate\\Foundation\\Http\\Middleware\\ConvertEmptyStringsToNull.php(31): Illuminate\\Foundation\\Http\\Middleware\\TransformsRequest->handle()
#28 M:\\QwikTest v1.4.1\\vendor\\laravel\\framework\\src\\Illuminate\\Pipeline\\Pipeline.php(167): Illuminate\\Foundation\\Http\\Middleware\\ConvertEmptyStringsToNull->handle()
#29 M:\\QwikTest v1.4.1\\vendor\\laravel\\framework\\src\\Illuminate\\Foundation\\Http\\Middleware\\TransformsRequest.php(21): Illuminate\\Pipeline\\Pipeline->Illuminate\\Pipeline\\{closure}()
#30 M:\\QwikTest v1.4.1\\vendor\\laravel\\framework\\src\\Illuminate\\Foundation\\Http\\Middleware\\TrimStrings.php(40): Illuminate\\Foundation\\Http\\Middleware\\TransformsRequest->handle()
#31 M:\\QwikTest v1.4.1\\vendor\\laravel\\framework\\src\\Illuminate\\Pipeline\\Pipeline.php(167): Illuminate\\Foundation\\Http\\Middleware\\TrimStrings->handle()
#32 M:\\QwikTest v1.4.1\\vendor\\laravel\\framework\\src\\Illuminate\\Foundation\\Http\\Middleware\\ValidatePostSize.php(27): Illuminate\\Pipeline\\Pipeline->Illuminate\\Pipeline\\{closure}()
#33 M:\\QwikTest v1.4.1\\vendor\\laravel\\framework\\src\\Illuminate\\Pipeline\\Pipeline.php(167): Illuminate\\Foundation\\Http\\Middleware\\ValidatePostSize->handle()
#34 M:\\QwikTest v1.4.1\\vendor\\laravel\\framework\\src\\Illuminate\\Foundation\\Http\\Middleware\\PreventRequestsDuringMaintenance.php(86): Illuminate\\Pipeline\\Pipeline->Illuminate\\Pipeline\\{closure}()
#35 M:\\QwikTest v1.4.1\\vendor\\laravel\\framework\\src\\Illuminate\\Pipeline\\Pipeline.php(167): Illuminate\\Foundation\\Http\\Middleware\\PreventRequestsDuringMaintenance->handle()
#36 M:\\QwikTest v1.4.1\\vendor\\fruitcake\\laravel-cors\\src\\HandleCors.php(38): Illuminate\\Pipeline\\Pipeline->Illuminate\\Pipeline\\{closure}()
#37 M:\\QwikTest v1.4.1\\vendor\\laravel\\framework\\src\\Illuminate\\Pipeline\\Pipeline.php(167): Fruitcake\\Cors\\HandleCors->handle()
#38 M:\\QwikTest v1.4.1\\vendor\\fideloper\\proxy\\src\\TrustProxies.php(57): Illuminate\\Pipeline\\Pipeline->Illuminate\\Pipeline\\{closure}()
#39 M:\\QwikTest v1.4.1\\vendor\\laravel\\framework\\src\\Illuminate\\Pipeline\\Pipeline.php(167): Fideloper\\Proxy\\TrustProxies->handle()
#40 M:\\QwikTest v1.4.1\\vendor\\laravel\\framework\\src\\Illuminate\\Pipeline\\Pipeline.php(103): Illuminate\\Pipeline\\Pipeline->Illuminate\\Pipeline\\{closure}()
#41 M:\\QwikTest v1.4.1\\vendor\\laravel\\framework\\src\\Illuminate\\Foundation\\Http\\Kernel.php(141): Illuminate\\Pipeline\\Pipeline->then()
#42 M:\\QwikTest v1.4.1\\vendor\\laravel\\framework\\src\\Illuminate\\Foundation\\Http\\Kernel.php(110): Illuminate\\Foundation\\Http\\Kernel->sendRequestThroughRouter()
#43 M:\\QwikTest v1.4.1\\public\\index.php(52): Illuminate\\Foundation\\Http\\Kernel->handle()
#44 M:\\QwikTest v1.4.1\\server.php(21): require_once('...')
#45 {main}
"} 
[2024-01-17 16:42:38] local.ERROR: No application encryption key has been specified. {"exception":"[object] (Illuminate\\Encryption\\MissingAppKeyException(code: 0): No application encryption key has been specified. at M:\\QwikTest v1.4.1\\vendor\\laravel\\framework\\src\\Illuminate\\Encryption\\EncryptionServiceProvider.php:79)
[stacktrace]
#0 M:\\QwikTest v1.4.1\\vendor\\laravel\\framework\\src\\Illuminate\\Support\\helpers.php(263): Illuminate\\Encryption\\EncryptionServiceProvider->Illuminate\\Encryption\\{closure}()
#1 M:\\QwikTest v1.4.1\\vendor\\laravel\\framework\\src\\Illuminate\\Encryption\\EncryptionServiceProvider.php(81): tap()
#2 M:\\QwikTest v1.4.1\\vendor\\laravel\\framework\\src\\Illuminate\\Encryption\\EncryptionServiceProvider.php(60): Illuminate\\Encryption\\EncryptionServiceProvider->key()
#3 M:\\QwikTest v1.4.1\\vendor\\laravel\\framework\\src\\Illuminate\\Encryption\\EncryptionServiceProvider.php(32): Illuminate\\Encryption\\EncryptionServiceProvider->parseKey()
#4 M:\\QwikTest v1.4.1\\vendor\\laravel\\framework\\src\\Illuminate\\Container\\Container.php(829): Illuminate\\Encryption\\EncryptionServiceProvider->Illuminate\\Encryption\\{closure}()
#5 M:\\QwikTest v1.4.1\\vendor\\laravel\\framework\\src\\Illuminate\\Container\\Container.php(714): Illuminate\\Container\\Container->build()
#6 M:\\QwikTest v1.4.1\\vendor\\laravel\\framework\\src\\Illuminate\\Foundation\\Application.php(841): Illuminate\\Container\\Container->resolve()
#7 M:\\QwikTest v1.4.1\\vendor\\laravel\\framework\\src\\Illuminate\\Container\\Container.php(652): Illuminate\\Foundation\\Application->resolve()
#8 M:\\QwikTest v1.4.1\\vendor\\laravel\\framework\\src\\Illuminate\\Foundation\\Application.php(826): Illuminate\\Container\\Container->make()
#9 M:\\QwikTest v1.4.1\\vendor\\laravel\\framework\\src\\Illuminate\\Container\\Container.php(987): Illuminate\\Foundation\\Application->make()
#10 M:\\QwikTest v1.4.1\\vendor\\laravel\\framework\\src\\Illuminate\\Container\\Container.php(907): Illuminate\\Container\\Container->resolveClass()
#11 M:\\QwikTest v1.4.1\\vendor\\laravel\\framework\\src\\Illuminate\\Container\\Container.php(868): Illuminate\\Container\\Container->resolveDependencies()
#12 M:\\QwikTest v1.4.1\\vendor\\laravel\\framework\\src\\Illuminate\\Container\\Container.php(714): Illuminate\\Container\\Container->build()
#13 M:\\QwikTest v1.4.1\\vendor\\laravel\\framework\\src\\Illuminate\\Foundation\\Application.php(841): Illuminate\\Container\\Container->resolve()
#14 M:\\QwikTest v1.4.1\\vendor\\laravel\\framework\\src\\Illuminate\\Container\\Container.php(652): Illuminate\\Foundation\\Application->resolve()
#15 M:\\QwikTest v1.4.1\\vendor\\laravel\\framework\\src\\Illuminate\\Foundation\\Application.php(826): Illuminate\\Container\\Container->make()
#16 M:\\QwikTest v1.4.1\\vendor\\laravel\\framework\\src\\Illuminate\\Foundation\\Http\\Kernel.php(205): Illuminate\\Foundation\\Application->make()
#17 M:\\QwikTest v1.4.1\\vendor\\laravel\\framework\\src\\Illuminate\\Foundation\\Http\\Kernel.php(179): Illuminate\\Foundation\\Http\\Kernel->terminateMiddleware()
#18 M:\\QwikTest v1.4.1\\public\\index.php(55): Illuminate\\Foundation\\Http\\Kernel->terminate()
#19 M:\\QwikTest v1.4.1\\server.php(21): require_once('...')
#20 {main}
"} 
[2024-01-17 16:42:43] local.ERROR: fclose(): Argument #1 ($stream) must be of type resource, bool given {"exception":"[object] (TypeError(code: 0): fclose(): Argument #1 ($stream) must be of type resource, bool given at M:\\QwikTest v1.4.1\\vendor\\symfony\\process\\Pipes\\WindowsPipes.php:74)
[stacktrace]
#0 M:\\QwikTest v1.4.1\\vendor\\symfony\\process\\Pipes\\WindowsPipes.php(74): fclose()
#1 M:\\QwikTest v1.4.1\\vendor\\symfony\\process\\Process.php(1304): Symfony\\Component\\Process\\Pipes\\WindowsPipes->__construct()
#2 M:\\QwikTest v1.4.1\\vendor\\symfony\\process\\Process.php(302): Symfony\\Component\\Process\\Process->getDescriptors()
#3 M:\\QwikTest v1.4.1\\vendor\\laravel\\framework\\src\\Illuminate\\Foundation\\Console\\ServeCommand.php(110): Symfony\\Component\\Process\\Process->start()
#4 M:\\QwikTest v1.4.1\\vendor\\laravel\\framework\\src\\Illuminate\\Foundation\\Console\\ServeCommand.php(73): Illuminate\\Foundation\\Console\\ServeCommand->startProcess()
#5 M:\\QwikTest v1.4.1\\vendor\\laravel\\framework\\src\\Illuminate\\Container\\BoundMethod.php(36): Illuminate\\Foundation\\Console\\ServeCommand->handle()
#6 M:\\QwikTest v1.4.1\\vendor\\laravel\\framework\\src\\Illuminate\\Container\\Util.php(40): Illuminate\\Container\\BoundMethod::Illuminate\\Container\\{closure}()
#7 M:\\QwikTest v1.4.1\\vendor\\laravel\\framework\\src\\Illuminate\\Container\\BoundMethod.php(93): Illuminate\\Container\\Util::unwrapIfClosure()
#8 M:\\QwikTest v1.4.1\\vendor\\laravel\\framework\\src\\Illuminate\\Container\\BoundMethod.php(37): Illuminate\\Container\\BoundMethod::callBoundMethod()
#9 M:\\QwikTest v1.4.1\\vendor\\laravel\\framework\\src\\Illuminate\\Container\\Container.php(611): Illuminate\\Container\\BoundMethod::call()
#10 M:\\QwikTest v1.4.1\\vendor\\laravel\\framework\\src\\Illuminate\\Console\\Command.php(136): Illuminate\\Container\\Container->call()
#11 M:\\QwikTest v1.4.1\\vendor\\symfony\\console\\Command\\Command.php(256): Illuminate\\Console\\Command->execute()
#12 M:\\QwikTest v1.4.1\\vendor\\laravel\\framework\\src\\Illuminate\\Console\\Command.php(121): Symfony\\Component\\Console\\Command\\Command->run()
#13 M:\\QwikTest v1.4.1\\vendor\\symfony\\console\\Application.php(971): Illuminate\\Console\\Command->run()
#14 M:\\QwikTest v1.4.1\\vendor\\symfony\\console\\Application.php(290): Symfony\\Component\\Console\\Application->doRunCommand()
#15 M:\\QwikTest v1.4.1\\vendor\\symfony\\console\\Application.php(166): Symfony\\Component\\Console\\Application->doRun()
#16 M:\\QwikTest v1.4.1\\vendor\\laravel\\framework\\src\\Illuminate\\Console\\Application.php(92): Symfony\\Component\\Console\\Application->run()
#17 M:\\QwikTest v1.4.1\\vendor\\laravel\\framework\\src\\Illuminate\\Foundation\\Console\\Kernel.php(129): Illuminate\\Console\\Application->run()
#18 M:\\QwikTest v1.4.1\\artisan(37): Illuminate\\Foundation\\Console\\Kernel->handle()
#19 {main}
"} 
